<?xml version="1.0" encoding="UTF-8"?>
<testsuite xmlns:xsi="http://www.w3.org/2001/XMLSchema-instance" xsi:noNamespaceSchemaLocation="https://maven.apache.org/surefire/maven-surefire-plugin/xsd/surefire-test-report-3.0.xsd" version="3.0" name="TestSuite" time="9.745" tests="3" errors="0" skipped="0" failures="0">
  <properties>
[...]
</properties>
  <testcase name="testGoogleTitle" classname="Tests.BasicSeleniumTest" time="2.502">
    <system-out><![CDATA[2024-08-09 09:59:31 INFO  Tests.BasicSeleniumTest - ChromeDriver initialized successfully.
2024-08-09 09:59:34 INFO  Tests.BasicSeleniumTest - Page title: Google
]]></system-out>
    <system-err><![CDATA[Starting ChromeDriver 127.0.6533.57 (d4459446bf8a5dbb9ba3b4a3675f9b4361323538-refs/branch-heads/6533@{#1561}) on port 2282
Only local connections are allowed.
Please see https://chromedriver.chromium.org/security-considerations for suggestions on keeping ChromeDriver safe.
ChromeDriver was started successfully.
Aug 09, 2024 9:59:31 AM org.openqa.selenium.remote.ProtocolHandshake createSession
INFO: Detected dialect: W3C
]]></system-err>
  </testcase>
  <testcase name="testSearchButtonPresence" classname="Tests.BasicSeleniumTest" time="1.539">
    <system-out><![CDATA[2024-08-09 09:59:35 INFO  Tests.BasicSeleniumTest - Search Button is as Expected
]]></system-out>
  </testcase>
  <testcase name="testSearchFunctionality" classname="Tests.BasicSeleniumTest" time="4.242">
    <system-out><![CDATA[2024-08-09 09:59:39 INFO  Tests.BasicSeleniumTest - Search Text: WebDriver
]]></system-out>
  </testcase>
</testsuite>