<?xml version="1.0" encoding="UTF-8"?>
<testng-results ignored="0" total="3" passed="3" failed="0" skipped="0">
  <reporter-output>
  </reporter-output>
  <suite started-at="2024-08-09T09:59:31 IST" name="All Test Suite" finished-at="2024-08-09T09:59:39 IST" duration-ms="8868">
    <groups>
    </groups>
    <test started-at="2024-08-09T09:59:31 IST" name="Test1" finished-at="2024-08-09T09:59:39 IST" duration-ms="8868">
      <class name="Tests.BasicSeleniumTest">
        <test-method is-config="true" signature="setup()[pri:0, instance:Tests.BasicSeleniumTest@7e6ef134]" started-at="2024-08-09T09:59:31 IST" name="setup" finished-at="2024-08-09T09:59:31 IST" duration-ms="470" status="PASS">
          <reporter-output>
          </reporter-output>
        </test-method> <!-- setup -->
        <test-method signature="testGoogleTitle()[pri:0, instance:Tests.BasicSeleniumTest@7e6ef134]" started-at="2024-08-09T09:59:31 IST" name="testGoogleTitle" finished-at="2024-08-09T09:59:34 IST" duration-ms="2511" status="PASS">
          <reporter-output>
          </reporter-output>
        </test-method> <!-- testGoogleTitle -->
        <test-method signature="testSearchButtonPresence()[pri:0, instance:Tests.BasicSeleniumTest@7e6ef134]" started-at="2024-08-09T09:59:34 IST" name="testSearchButtonPresence" finished-at="2024-08-09T09:59:35 IST" duration-ms="1540" status="PASS">
          <reporter-output>
          </reporter-output>
        </test-method> <!-- testSearchButtonPresence -->
        <test-method signature="testSearchFunctionality()[pri:0, instance:Tests.BasicSeleniumTest@7e6ef134]" started-at="2024-08-09T09:59:35 IST" name="testSearchFunctionality" finished-at="2024-08-09T09:59:39 IST" duration-ms="4242" status="PASS">
          <reporter-output>
          </reporter-output>
        </test-method> <!-- testSearchFunctionality -->
        <test-method is-config="true" signature="tearDown()[pri:0, instance:Tests.BasicSeleniumTest@7e6ef134]" started-at="2024-08-09T09:59:39 IST" name="tearDown" finished-at="2024-08-09T09:59:39 IST" duration-ms="91" status="PASS">
          <reporter-output>
          </reporter-output>
        </test-method> <!-- tearDown -->
      </class> <!-- Tests.BasicSeleniumTest -->
    </test> <!-- Test1 -->
  </suite> <!-- All Test Suite -->
</testng-results>
