<?xml version="1.0" encoding="UTF-8"?>
<!-- Generated by org.testng.reporters.JUnitXMLReporter -->
<testsuite ignored="0" hostname="INL-6N4ZN93" failures="0" tests="3" name="Test1" time="8.868" errors="0" timestamp="2024-08-09T09:59:40 IST">
  <testcase classname="Tests.BasicSeleniumTest" name="testGoogleTitle" time="2.511"/>
  <testcase classname="Tests.BasicSeleniumTest" name="testSearchButtonPresence" time="1.54"/>
  <testcase classname="Tests.BasicSeleniumTest" name="testSearchFunctionality" time="4.242"/>
</testsuite> <!-- Test1 -->
